<?xml version="1.0" encoding="UTF-8"?>
<!-- Generated by org.testng.reporters.JUnitXMLReporter -->
<testsuite hostname="PURVILAPTOP" failures="0" tests="3" name="Default test" time="23.107" errors="0" timestamp="26 Jan 2020 04:24:34 GMT">
  <testcase classname="extentReportDemo.NocommerceTest" name="noCommerceTitleTest" time="0.03"/>
  <testcase classname="extentReportDemo.NocommerceTest" name="nopCommerceLogoTest" time="0.107"/>
  <testcase classname="extentReportDemo.NocommerceTest" name="nopcommerceLoginTest" time="0.002"/>
</testsuite> <!-- Default test -->
