<?xml version="1.0" encoding="UTF-8"?>
<testng-results total="3" passed="3" failed="0" skipped="0">
  <reporter-output>
  </reporter-output>
  <suite started-at="2020-01-26T04:24:11Z" name="Default suite" finished-at="2020-01-26T04:24:34Z" duration-ms="23107">
    <groups>
    </groups>
    <test started-at="2020-01-26T04:24:11Z" name="Default test" finished-at="2020-01-26T04:24:34Z" duration-ms="23107">
      <class name="extentReportDemo.NocommerceTest">
        <test-method is-config="true" signature="setExtent()[pri:0, instance:extentReportDemo.NocommerceTest@6e75aa0d]" started-at="2020-01-25T23:24:11Z" name="setExtent" finished-at="2020-01-25T23:24:11Z" duration-ms="340" status="PASS">
          <reporter-output>
          </reporter-output>
        </test-method> <!-- setExtent -->
        <test-method is-config="true" signature="setup()[pri:0, instance:extentReportDemo.NocommerceTest@6e75aa0d]" started-at="2020-01-25T23:24:11Z" name="setup" finished-at="2020-01-25T23:24:19Z" duration-ms="8217" status="PASS">
          <reporter-output>
          </reporter-output>
        </test-method> <!-- setup -->
        <test-method signature="noCommerceTitleTest()[pri:0, instance:extentReportDemo.NocommerceTest@6e75aa0d]" started-at="2020-01-25T23:24:19Z" name="noCommerceTitleTest" finished-at="2020-01-25T23:24:19Z" duration-ms="30" status="PASS">
          <reporter-output>
          </reporter-output>
        </test-method> <!-- noCommerceTitleTest -->
        <test-method is-config="true" signature="tearDown(org.testng.ITestResult)[pri:0, instance:extentReportDemo.NocommerceTest@6e75aa0d]" started-at="2020-01-25T23:24:19Z" name="tearDown" finished-at="2020-01-25T23:24:20Z" duration-ms="728" status="PASS">
          <params>
            <param index="0">
              <value>
                <![CDATA[[TestResult name=noCommerceTitleTest status=SUCCESS method=NocommerceTest.noCommerceTitleTest()[pri:0, instance:extentReportDemo.NocommerceTest@6e75aa0d] output={null}]]]>
              </value>
            </param>
          </params>
          <reporter-output>
          </reporter-output>
        </test-method> <!-- tearDown -->
        <test-method is-config="true" signature="setup()[pri:0, instance:extentReportDemo.NocommerceTest@6e75aa0d]" started-at="2020-01-25T23:24:20Z" name="setup" finished-at="2020-01-25T23:24:27Z" duration-ms="6641" status="PASS">
          <reporter-output>
          </reporter-output>
        </test-method> <!-- setup -->
        <test-method signature="nopCommerceLogoTest()[pri:0, instance:extentReportDemo.NocommerceTest@6e75aa0d]" started-at="2020-01-25T23:24:27Z" name="nopCommerceLogoTest" finished-at="2020-01-25T23:24:27Z" duration-ms="107" status="PASS">
          <reporter-output>
          </reporter-output>
        </test-method> <!-- nopCommerceLogoTest -->
        <test-method is-config="true" signature="tearDown(org.testng.ITestResult)[pri:0, instance:extentReportDemo.NocommerceTest@6e75aa0d]" started-at="2020-01-25T23:24:27Z" name="tearDown" finished-at="2020-01-25T23:24:27Z" duration-ms="688" status="PASS">
          <params>
            <param index="0">
              <value>
                <![CDATA[[TestResult name=nopCommerceLogoTest status=SUCCESS method=NocommerceTest.nopCommerceLogoTest()[pri:0, instance:extentReportDemo.NocommerceTest@6e75aa0d] output={null}]]]>
              </value>
            </param>
          </params>
          <reporter-output>
          </reporter-output>
        </test-method> <!-- tearDown -->
        <test-method is-config="true" signature="setup()[pri:0, instance:extentReportDemo.NocommerceTest@6e75aa0d]" started-at="2020-01-25T23:24:27Z" name="setup" finished-at="2020-01-25T23:24:33Z" duration-ms="5175" status="PASS">
          <reporter-output>
          </reporter-output>
        </test-method> <!-- setup -->
        <test-method signature="nopcommerceLoginTest()[pri:0, instance:extentReportDemo.NocommerceTest@6e75aa0d]" started-at="2020-01-25T23:24:33Z" name="nopcommerceLoginTest" finished-at="2020-01-25T23:24:33Z" duration-ms="2" status="PASS">
          <reporter-output>
          </reporter-output>
        </test-method> <!-- nopcommerceLoginTest -->
        <test-method is-config="true" signature="tearDown(org.testng.ITestResult)[pri:0, instance:extentReportDemo.NocommerceTest@6e75aa0d]" started-at="2020-01-25T23:24:33Z" name="tearDown" finished-at="2020-01-25T23:24:33Z" duration-ms="710" status="PASS">
          <params>
            <param index="0">
              <value>
                <![CDATA[[TestResult name=nopcommerceLoginTest status=SUCCESS method=NocommerceTest.nopcommerceLoginTest()[pri:0, instance:extentReportDemo.NocommerceTest@6e75aa0d] output={null}]]]>
              </value>
            </param>
          </params>
          <reporter-output>
          </reporter-output>
        </test-method> <!-- tearDown -->
        <test-method is-config="true" signature="endReport()[pri:0, instance:extentReportDemo.NocommerceTest@6e75aa0d]" started-at="2020-01-25T23:24:33Z" name="endReport" finished-at="2020-01-25T23:24:34Z" duration-ms="436" status="PASS">
          <reporter-output>
          </reporter-output>
        </test-method> <!-- endReport -->
      </class> <!-- extentReportDemo.NocommerceTest -->
    </test> <!-- Default test -->
  </suite> <!-- Default suite -->
</testng-results>
